SF:lib\core\error\failure.dart
DA:6,3
DA:8,0
DA:9,0
DA:13,0
DA:18,3
DA:25,0
LF:6
LH:2
end_of_record
SF:lib\features\auth\domain\use_case\login_usecase.dart
DA:13,1
DA:18,0
DA:22,0
DA:24,0
DA:31,1
DA:33,1
DA:36,6
DA:37,1
DA:38,2
DA:39,1
DA:40,2
DA:41,4
DA:42,3
DA:44,1
LF:14
LH:11
end_of_record
SF:lib\app\shared_prefs\token_shared_prefs.dart
DA:8,0
DA:10,0
DA:12,0
DA:15,0
DA:19,0
DA:21,0
DA:22,0
DA:24,0
LF:8
LH:0
end_of_record
SF:lib\features\auth\domain\entity\auth_entity.dart
DA:12,1
DA:21,1
DA:30,0
DA:32,0
LF:4
LH:2
end_of_record
SF:lib\features\auth\domain\use_case\register_usecase.dart
DA:16,1
DA:23,0
DA:32,0
DA:34,0
DA:39,1
DA:41,1
DA:43,1
DA:45,1
DA:46,1
DA:47,1
DA:48,1
DA:49,1
DA:50,1
DA:51,2
LF:14
LH:11
end_of_record
SF:lib\features\auth\domain\use_case\verify_usecase.dart
DA:10,0
DA:12,1
DA:20,1
DA:22,1
DA:24,4
LF:5
LH:4
end_of_record
